{"level":"\u001b[32minfo\u001b[39m","message":"{\"method\":\"GET\",\"url\":\"/health\",\"status\":\"200\",\"responseTime\":\"5.564\"}","timestamp":"2025-05-31T01:00:03.481Z"}
{"level":"\u001b[32minfo\u001b[39m","message":"{\"method\":\"GET\",\"url\":\"/favicon.ico\",\"status\":\"404\",\"responseTime\":\"1.576\"}","timestamp":"2025-05-31T01:00:04.569Z"}
{"level":"\u001b[32minfo\u001b[39m","message":"{\"method\":\"POST\",\"url\":\"/auth/login\",\"status\":\"200\",\"responseTime\":\"190.413\"}","timestamp":"2025-05-31T01:00:29.653Z"}
{"level":"\u001b[32minfo\u001b[39m","message":"{\"method\":\"POST\",\"url\":\"/auth/login\",\"status\":\"404\",\"responseTime\":\"120.395\"}","timestamp":"2025-05-31T15:31:32.757Z"}
{"level":"\u001b[32minfo\u001b[39m","message":"{\"method\":\"POST\",\"url\":\"/auth/login\",\"status\":\"404\",\"responseTime\":\"11.952\"}","timestamp":"2025-05-31T15:31:58.848Z"}
{"level":"\u001b[32minfo\u001b[39m","message":"{\"method\":\"POST\",\"url\":\"/auth/login\",\"status\":\"404\",\"responseTime\":\"10.886\"}","timestamp":"2025-05-31T15:32:13.213Z"}
{"level":"\u001b[32minfo\u001b[39m","message":"{\"method\":\"POST\",\"url\":\"/auth/register\",\"status\":\"400\",\"responseTime\":\"20.340\"}","timestamp":"2025-05-31T15:32:55.679Z"}
{"level":"\u001b[32minfo\u001b[39m","message":"{\"method\":\"POST\",\"url\":\"/auth/login\",\"status\":\"500\",\"responseTime\":\"134.832\"}","timestamp":"2025-05-31T15:33:32.139Z"}
{"level":"\u001b[32minfo\u001b[39m","message":"{\"method\":\"POST\",\"url\":\"/auth/login\",\"status\":\"500\",\"responseTime\":\"135.958\"}","timestamp":"2025-05-31T15:33:54.491Z"}
{"level":"\u001b[32minfo\u001b[39m","message":"{\"method\":\"POST\",\"url\":\"/auth/login\",\"status\":\"500\",\"responseTime\":\"60.271\"}","timestamp":"2025-05-31T15:33:55.557Z"}
{"level":"\u001b[32minfo\u001b[39m","message":"{\"method\":\"POST\",\"url\":\"/auth/login\",\"status\":\"404\",\"responseTime\":\"28.620\"}","timestamp":"2025-05-31T15:34:27.104Z"}
{"level":"\u001b[32minfo\u001b[39m","message":"{\"method\":\"GET\",\"url\":\"/health\",\"status\":\"200\",\"responseTime\":\"10.412\"}","timestamp":"2025-05-31T18:17:10.132Z"}
{"level":"\u001b[32minfo\u001b[39m","message":"{\"method\":\"GET\",\"url\":\"/health\",\"status\":\"200\",\"responseTime\":\"4.274\"}","timestamp":"2025-05-31T18:17:58.455Z"}
{"level":"\u001b[32minfo\u001b[39m","message":"{\"method\":\"GET\",\"url\":\"/health\",\"status\":\"200\",\"responseTime\":\"4.702\"}","timestamp":"2025-05-31T18:18:50.781Z"}
{"level":"\u001b[32minfo\u001b[39m","message":"{\"method\":\"GET\",\"url\":\"/api-docs\",\"status\":\"301\",\"responseTime\":\"4.703\"}","timestamp":"2025-05-31T18:19:49.722Z"}
{"level":"\u001b[32minfo\u001b[39m","message":"{\"method\":\"GET\",\"url\":\"/api-docs/\",\"status\":\"200\",\"responseTime\":\"6.140\"}","timestamp":"2025-05-31T18:19:49.757Z"}
{"level":"\u001b[32minfo\u001b[39m","message":"{\"method\":\"GET\",\"url\":\"/api-docs/swagger-ui-init.js\",\"status\":\"200\",\"responseTime\":\"1.323\"}","timestamp":"2025-05-31T18:19:49.872Z"}
{"level":"\u001b[32minfo\u001b[39m","message":"{\"method\":\"GET\",\"url\":\"/api-docs/swagger-ui.css\",\"status\":\"200\",\"responseTime\":\"14.475\"}","timestamp":"2025-05-31T18:19:49.883Z"}
{"level":"\u001b[32minfo\u001b[39m","message":"{\"method\":\"GET\",\"url\":\"/api-docs/swagger-ui-standalone-preset.js\",\"status\":\"200\",\"responseTime\":\"9.064\"}","timestamp":"2025-05-31T18:19:49.890Z"}
{"level":"\u001b[32minfo\u001b[39m","message":"{\"method\":\"GET\",\"url\":\"/api-docs/swagger-ui-bundle.js\",\"status\":\"200\",\"responseTime\":\"11.246\"}","timestamp":"2025-05-31T18:19:49.943Z"}
{"level":"\u001b[32minfo\u001b[39m","message":"{\"method\":\"GET\",\"url\":\"/api-docs/favicon-32x32.png\",\"status\":\"200\",\"responseTime\":\"2.383\"}","timestamp":"2025-05-31T18:19:50.857Z"}
{"level":"\u001b[32minfo\u001b[39m","message":"{\"method\":\"POST\",\"url\":\"/auth/login\",\"status\":\"500\",\"responseTime\":\"4126.551\"}","timestamp":"2025-06-01T11:09:15.539Z"}
{"level":"\u001b[32minfo\u001b[39m","message":"{\"method\":\"POST\",\"url\":\"/auth/login\",\"status\":\"500\",\"responseTime\":\"4092.319\"}","timestamp":"2025-06-01T11:09:42.987Z"}
{"level":"\u001b[32minfo\u001b[39m","message":"{\"method\":\"POST\",\"url\":\"/auth/login\",\"status\":\"500\",\"responseTime\":\"50.926\"}","timestamp":"2025-06-01T11:10:00.544Z"}
{"level":"\u001b[32minfo\u001b[39m","message":"{\"method\":\"POST\",\"url\":\"/auth/login\",\"status\":\"500\",\"responseTime\":\"10.266\"}","timestamp":"2025-06-01T11:10:20.041Z"}
{"level":"\u001b[32minfo\u001b[39m","message":"{\"method\":\"POST\",\"url\":\"/auth/login\",\"status\":\"500\",\"responseTime\":\"32.328\"}","timestamp":"2025-06-01T11:10:59.064Z"}
{"level":"\u001b[32minfo\u001b[39m","message":"{\"method\":\"POST\",\"url\":\"/auth/login\",\"status\":\"500\",\"responseTime\":\"10.510\"}","timestamp":"2025-06-01T11:11:35.626Z"}
{"level":"\u001b[32minfo\u001b[39m","message":"{\"method\":\"POST\",\"url\":\"/auth/login\",\"status\":\"500\",\"responseTime\":\"8.024\"}","timestamp":"2025-06-01T11:12:33.998Z"}
{"level":"\u001b[32minfo\u001b[39m","message":"{\"method\":\"POST\",\"url\":\"/auth/login\",\"status\":\"200\",\"responseTime\":\"172.939\"}","timestamp":"2025-06-01T11:12:48.739Z"}
{"level":"\u001b[32minfo\u001b[39m","message":"{\"method\":\"POST\",\"url\":\"/auth/login\",\"status\":\"404\",\"responseTime\":\"38.830\"}","timestamp":"2025-06-01T11:29:00.321Z"}
{"level":"\u001b[32minfo\u001b[39m","message":"{\"method\":\"POST\",\"url\":\"/auth/register\",\"status\":\"201\",\"responseTime\":\"82.586\"}","timestamp":"2025-06-01T11:31:26.336Z"}
{"level":"\u001b[32minfo\u001b[39m","message":"{\"method\":\"POST\",\"url\":\"/auth/login\",\"status\":\"200\",\"responseTime\":\"82.469\"}","timestamp":"2025-06-01T11:31:43.877Z"}
{"level":"\u001b[32minfo\u001b[39m","message":"{\"method\":\"POST\",\"url\":\"/menu\",\"status\":\"403\",\"responseTime\":\"14.658\"}","timestamp":"2025-06-01T11:32:12.153Z"}
{"level":"\u001b[32minfo\u001b[39m","message":"{\"method\":\"POST\",\"url\":\"/menu\",\"status\":\"201\",\"responseTime\":\"13.264\"}","timestamp":"2025-06-01T11:32:31.852Z"}
{"level":"\u001b[32minfo\u001b[39m","message":"{\"method\":\"GET\",\"url\":\"/menu/\",\"status\":\"403\",\"responseTime\":\"6.166\"}","timestamp":"2025-06-01T11:32:40.658Z"}
{"level":"\u001b[32minfo\u001b[39m","message":"{\"method\":\"GET\",\"url\":\"/menu/\",\"status\":\"200\",\"responseTime\":\"5.652\"}","timestamp":"2025-06-01T11:32:44.146Z"}
{"level":"\u001b[32minfo\u001b[39m","message":"{\"method\":\"GET\",\"url\":\"/menu/\",\"status\":\"200\",\"responseTime\":\"5.368\"}","timestamp":"2025-06-01T11:32:54.176Z"}
{"level":"\u001b[32minfo\u001b[39m","message":"{\"method\":\"GET\",\"url\":\"/menu/01JWNM7HZ7NXN1B3YC4721KBZK\",\"status\":\"200\",\"responseTime\":\"8.027\"}","timestamp":"2025-06-01T11:33:15.709Z"}
{"level":"\u001b[32minfo\u001b[39m","message":"{\"method\":\"POST\",\"url\":\"/resep/01JWNM7HZ7NXN1B3YC4721KBZK\",\"status\":\"201\",\"responseTime\":\"28.820\"}","timestamp":"2025-06-01T11:33:59.309Z"}
{"level":"\u001b[32minfo\u001b[39m","message":"{\"method\":\"GET\",\"url\":\"/resep/%7B%7Bmenu_id%7D%7D\",\"status\":\"403\",\"responseTime\":\"5.980\"}","timestamp":"2025-06-01T11:34:08.324Z"}
{"level":"\u001b[32minfo\u001b[39m","message":"{\"method\":\"GET\",\"url\":\"/resep/01JWD0ECPECBTNEQ3M52CF1VZS\",\"status\":\"400\",\"responseTime\":\"7.484\"}","timestamp":"2025-06-01T11:34:21.172Z"}
{"level":"\u001b[32minfo\u001b[39m","message":"{\"method\":\"GET\",\"url\":\"/resep/01JWD0ECPECBTNEQ3M52CF1VZS\",\"status\":\"400\",\"responseTime\":\"2.718\"}","timestamp":"2025-06-01T11:34:26.443Z"}
{"level":"\u001b[32minfo\u001b[39m","message":"{\"method\":\"POST\",\"url\":\"/resep/01JWNM7HZ7NXN1B3YC4721KBZK\",\"status\":\"400\",\"responseTime\":\"8.078\"}","timestamp":"2025-06-01T11:34:34.292Z"}
{"level":"\u001b[32minfo\u001b[39m","message":"{\"method\":\"GET\",\"url\":\"/resep/01JWNM7HZ7NXN1B3YC4721KBZK\",\"status\":\"200\",\"responseTime\":\"6.574\"}","timestamp":"2025-06-01T11:34:38.914Z"}
{"level":"\u001b[32minfo\u001b[39m","message":"{\"method\":\"POST\",\"url\":\"/auth/login\",\"status\":\"404\",\"responseTime\":\"58.345\"}","timestamp":"2025-06-01T13:27:07.123Z"}
{"level":"\u001b[32minfo\u001b[39m","message":"{\"method\":\"POST\",\"url\":\"/auth/register\",\"status\":\"201\",\"responseTime\":\"88.870\"}","timestamp":"2025-06-01T13:27:13.950Z"}
{"level":"\u001b[32minfo\u001b[39m","message":"{\"method\":\"POST\",\"url\":\"/auth/login\",\"status\":\"200\",\"responseTime\":\"74.258\"}","timestamp":"2025-06-01T13:27:17.183Z"}
{"level":"\u001b[32minfo\u001b[39m","message":"{\"method\":\"GET\",\"url\":\"/profile/\",\"status\":\"200\",\"responseTime\":\"4.931\"}","timestamp":"2025-06-01T13:27:35.751Z"}
{"level":"\u001b[32minfo\u001b[39m","message":"{\"method\":\"GET\",\"url\":\"/menu/\",\"status\":\"200\",\"responseTime\":\"14.811\"}","timestamp":"2025-06-01T13:27:45.212Z"}
{"level":"\u001b[32minfo\u001b[39m","message":"{\"method\":\"POST\",\"url\":\"/menu\",\"status\":\"201\",\"responseTime\":\"13.845\"}","timestamp":"2025-06-01T13:27:53.191Z"}
{"level":"\u001b[32minfo\u001b[39m","message":"{\"method\":\"GET\",\"url\":\"/menu/\",\"status\":\"200\",\"responseTime\":\"2.411\"}","timestamp":"2025-06-01T13:27:58.898Z"}
{"level":"\u001b[32minfo\u001b[39m","message":"{\"method\":\"GET\",\"url\":\"/resep/01JWNM7HZ7NXN1B3YC4721KBZK\",\"status\":\"400\",\"responseTime\":\"4.138\"}","timestamp":"2025-06-01T13:28:14.630Z"}
{"level":"\u001b[32minfo\u001b[39m","message":"{\"method\":\"GET\",\"url\":\"/resep/01JWNM7HZ7NXN1B3YC4721KBZK\",\"status\":\"400\",\"responseTime\":\"6.204\"}","timestamp":"2025-06-01T13:28:25.894Z"}
{"level":"\u001b[32minfo\u001b[39m","message":"{\"method\":\"GET\",\"url\":\"/resep/01JWNTTS34DYKVMCWZBBWYPXMF\",\"status\":\"200\",\"responseTime\":\"16.625\"}","timestamp":"2025-06-01T13:28:36.369Z"}
{"level":"\u001b[32minfo\u001b[39m","message":"{\"method\":\"POST\",\"url\":\"/resep/01JWNTTS34DYKVMCWZBBWYPXMF\",\"status\":\"201\",\"responseTime\":\"29.000\"}","timestamp":"2025-06-01T13:28:50.012Z"}
{"level":"\u001b[32minfo\u001b[39m","message":"{\"method\":\"GET\",\"url\":\"/resep/01JWNTTS34DYKVMCWZBBWYPXMF\",\"status\":\"200\",\"responseTime\":\"6.122\"}","timestamp":"2025-06-01T13:28:52.895Z"}
{"level":"\u001b[32minfo\u001b[39m","message":"{\"method\":\"GET\",\"url\":\"/menu/\",\"status\":\"200\",\"responseTime\":\"2.517\"}","timestamp":"2025-06-01T13:29:00.069Z"}
{"level":"\u001b[32minfo\u001b[39m","message":"{\"method\":\"GET\",\"url\":\"/health\",\"status\":\"404\",\"responseTime\":\"5.055\"}","timestamp":"2025-06-02T00:18:06.832Z"}
{"level":"\u001b[32minfo\u001b[39m","message":"{\"method\":\"POST\",\"url\":\"/auth/register\",\"status\":\"201\",\"responseTime\":\"108.473\"}","timestamp":"2025-06-02T00:18:22.918Z"}
{"level":"\u001b[32minfo\u001b[39m","message":"{\"method\":\"GET\",\"url\":\"/health\",\"status\":\"200\",\"responseTime\":\"3.035\"}","timestamp":"2025-06-02T00:19:14.811Z"}
{"level":"\u001b[32minfo\u001b[39m","message":"{\"method\":\"GET\",\"url\":\"/health\",\"status\":\"200\",\"responseTime\":\"2.963\"}","timestamp":"2025-06-02T00:19:36.269Z"}
{"level":"\u001b[32minfo\u001b[39m","message":"{\"method\":\"POST\",\"url\":\"/auth/login\",\"status\":\"500\",\"responseTime\":\"118.108\"}","timestamp":"2025-06-02T00:19:49.808Z"}
{"level":"\u001b[32minfo\u001b[39m","message":"{\"method\":\"POST\",\"url\":\"/auth/login\",\"status\":\"500\",\"responseTime\":\"116.906\"}","timestamp":"2025-06-02T00:21:41.745Z"}
{"level":"\u001b[32minfo\u001b[39m","message":"{\"method\":\"POST\",\"url\":\"/auth/register\",\"status\":\"201\",\"responseTime\":\"107.829\"}","timestamp":"2025-06-02T00:23:26.123Z"}
{"level":"\u001b[32minfo\u001b[39m","message":"{\"method\":\"POST\",\"url\":\"/auth/login\",\"status\":\"200\",\"responseTime\":\"79.622\"}","timestamp":"2025-06-02T00:23:28.432Z"}
{"level":"\u001b[32minfo\u001b[39m","message":"{\"method\":\"POST\",\"url\":\"/auth/register\",\"status\":\"201\",\"responseTime\":\"113.641\"}","timestamp":"2025-06-02T00:38:36.810Z"}
{"level":"\u001b[32minfo\u001b[39m","message":"{\"method\":\"POST\",\"url\":\"/auth/login\",\"status\":\"200\",\"responseTime\":\"97.256\"}","timestamp":"2025-06-02T00:38:39.218Z"}
{"level":"\u001b[32minfo\u001b[39m","message":"{\"method\":\"POST\",\"url\":\"/menu\",\"status\":\"201\",\"responseTime\":\"44.743\"}","timestamp":"2025-06-02T00:42:07.095Z"}
{"level":"\u001b[32minfo\u001b[39m","message":"{\"method\":\"GET\",\"url\":\"/menu/\",\"status\":\"200\",\"responseTime\":\"8.530\"}","timestamp":"2025-06-02T00:42:17.945Z"}
{"level":"\u001b[32minfo\u001b[39m","message":"{\"method\":\"GET\",\"url\":\"/menu/01JWNTTS34DYKVMCWZBBWYPXMF\",\"status\":\"404\",\"responseTime\":\"12.866\"}","timestamp":"2025-06-02T00:42:32.485Z"}
{"level":"\u001b[32minfo\u001b[39m","message":"{\"method\":\"GET\",\"url\":\"/menu/01JWQ1DAVGNY96Q5RWZ9NQB8WW\",\"status\":\"200\",\"responseTime\":\"4.611\"}","timestamp":"2025-06-02T00:42:43.390Z"}
{"level":"\u001b[32minfo\u001b[39m","message":"{\"method\":\"POST\",\"url\":\"/menu\",\"status\":\"201\",\"responseTime\":\"14.054\"}","timestamp":"2025-06-02T00:43:02.472Z"}
{"level":"\u001b[32minfo\u001b[39m","message":"{\"method\":\"GET\",\"url\":\"/menu/\",\"status\":\"200\",\"responseTime\":\"9.117\"}","timestamp":"2025-06-02T00:43:06.046Z"}
{"level":"\u001b[32minfo\u001b[39m","message":"{\"method\":\"PATCH\",\"url\":\"/menu/01JWQ1DAVGNY96Q5RWZ9NQB8WW\",\"status\":\"200\",\"responseTime\":\"11.730\"}","timestamp":"2025-06-02T00:43:26.779Z"}
{"level":"\u001b[32minfo\u001b[39m","message":"{\"method\":\"GET\",\"url\":\"/menu/01JWQ1DAVGNY96Q5RWZ9NQB8WW\",\"status\":\"200\",\"responseTime\":\"8.307\"}","timestamp":"2025-06-02T00:43:31.284Z"}
{"level":"\u001b[32minfo\u001b[39m","message":"{\"method\":\"DELETE\",\"url\":\"/menu/01JWQ1DAVGNY96Q5RWZ9NQB8WW\",\"status\":\"200\",\"responseTime\":\"12.979\"}","timestamp":"2025-06-02T00:43:38.949Z"}
{"level":"\u001b[32minfo\u001b[39m","message":"{\"method\":\"GET\",\"url\":\"/menu/\",\"status\":\"200\",\"responseTime\":\"2.912\"}","timestamp":"2025-06-02T00:43:43.975Z"}
{"level":"\u001b[32minfo\u001b[39m","message":"{\"method\":\"GET\",\"url\":\"/menu/01JWQ1F0Y3W4DNXMERHTNN87PT\",\"status\":\"200\",\"responseTime\":\"2.619\"}","timestamp":"2025-06-02T00:43:51.035Z"}
{"level":"\u001b[32minfo\u001b[39m","message":"{\"method\":\"POST\",\"url\":\"/resep/01JWQ1F0Y3W4DNXMERHTNN87PT\",\"status\":\"400\",\"responseTime\":\"2.677\"}","timestamp":"2025-06-02T00:44:09.917Z"}
{"level":"\u001b[32minfo\u001b[39m","message":"{\"method\":\"POST\",\"url\":\"/resep/01JWQ1F0Y3W4DNXMERHTNN87PT\",\"status\":\"400\",\"responseTime\":\"8.254\"}","timestamp":"2025-06-02T00:44:17.145Z"}
{"level":"\u001b[32minfo\u001b[39m","message":"{\"method\":\"POST\",\"url\":\"/resep/01JWQ1F0Y3W4DNXMERHTNN87PT\",\"status\":\"400\",\"responseTime\":\"2.960\"}","timestamp":"2025-06-02T00:44:39.944Z"}
{"level":"\u001b[32minfo\u001b[39m","message":"{\"method\":\"POST\",\"url\":\"/resep/01JWQ1F0Y3W4DNXMERHTNN87PT\",\"status\":\"201\",\"responseTime\":\"31.832\"}","timestamp":"2025-06-02T00:47:06.033Z"}
{"level":"\u001b[32minfo\u001b[39m","message":"{\"method\":\"GET\",\"url\":\"/resep/01JWQ1F0Y3W4DNXMERHTNN87PT\",\"status\":\"400\",\"responseTime\":\"3.280\"}","timestamp":"2025-06-02T00:47:14.156Z"}
{"level":"\u001b[32minfo\u001b[39m","message":"{\"method\":\"GET\",\"url\":\"/resep/01JWQ1F0Y3W4DNXMERHTNN87PT\",\"status\":\"200\",\"responseTime\":\"7.896\"}","timestamp":"2025-06-02T00:47:17.883Z"}
{"level":"\u001b[32minfo\u001b[39m","message":"{\"method\":\"PUT\",\"url\":\"/resep/01JWQ1F0Y3W4DNXMERHTNN87PT/01JWQ1PES1C5R7RPS54XSHWP44\",\"status\":\"403\",\"responseTime\":\"11.389\"}","timestamp":"2025-06-02T00:48:47.328Z"}
{"level":"\u001b[32minfo\u001b[39m","message":"{\"method\":\"PUT\",\"url\":\"/resep/01JWQ1F0Y3W4DNXMERHTNN87PT/01JWQ1PES1C5R7RPS54XSHWP44\",\"status\":\"200\",\"responseTime\":\"19.577\"}","timestamp":"2025-06-02T00:48:54.697Z"}
{"level":"\u001b[32minfo\u001b[39m","message":"{\"method\":\"POST\",\"url\":\"/resep/01JWQ1F0Y3W4DNXMERHTNN87PT\",\"status\":\"400\",\"responseTime\":\"6.772\"}","timestamp":"2025-06-02T00:48:59.606Z"}
{"level":"\u001b[32minfo\u001b[39m","message":"{\"method\":\"GET\",\"url\":\"/resep/01JWQ1F0Y3W4DNXMERHTNN87PT\",\"status\":\"200\",\"responseTime\":\"5.636\"}","timestamp":"2025-06-02T00:49:03.177Z"}
{"level":"\u001b[32minfo\u001b[39m","message":"{\"method\":\"GET\",\"url\":\"/menu/\",\"status\":\"200\",\"responseTime\":\"3.813\"}","timestamp":"2025-06-02T00:49:08.251Z"}
{"level":"\u001b[32minfo\u001b[39m","message":"{\"method\":\"GET\",\"url\":\"/stock/\",\"status\":\"200\",\"responseTime\":\"47.411\"}","timestamp":"2025-06-02T00:49:23.172Z"}
{"level":"\u001b[32minfo\u001b[39m","message":"{\"method\":\"GET\",\"url\":\"/stock/\",\"status\":\"200\",\"responseTime\":\"41.046\"}","timestamp":"2025-06-02T00:52:30.724Z"}
{"level":"\u001b[32minfo\u001b[39m","message":"{\"method\":\"POST\",\"url\":\"/menu\",\"status\":\"201\",\"responseTime\":\"29.625\"}","timestamp":"2025-06-02T00:53:18.597Z"}
{"level":"\u001b[32minfo\u001b[39m","message":"{\"method\":\"GET\",\"url\":\"/menu/\",\"status\":\"200\",\"responseTime\":\"5.063\"}","timestamp":"2025-06-02T00:53:31.150Z"}
{"level":"\u001b[32minfo\u001b[39m","message":"{\"method\":\"POST\",\"url\":\"/resep/01JWQ21TKWPY3E1GX2N286VMXC\",\"status\":\"201\",\"responseTime\":\"23.702\"}","timestamp":"2025-06-02T00:53:53.409Z"}
{"level":"\u001b[32minfo\u001b[39m","message":"{\"method\":\"GET\",\"url\":\"/stock/\",\"status\":\"200\",\"responseTime\":\"3.466\"}","timestamp":"2025-06-02T00:53:56.938Z"}
{"level":"\u001b[32minfo\u001b[39m","message":"{\"method\":\"GET\",\"url\":\"/resep/01JWQ21TKWPY3E1GX2N286VMXC\",\"status\":\"200\",\"responseTime\":\"29.078\"}","timestamp":"2025-06-02T00:54:21.973Z"}
{"level":"\u001b[32minfo\u001b[39m","message":"{\"method\":\"GET\",\"url\":\"/menu/\",\"status\":\"200\",\"responseTime\":\"6.867\"}","timestamp":"2025-06-02T00:54:54.842Z"}
{"level":"\u001b[32minfo\u001b[39m","message":"{\"method\":\"GET\",\"url\":\"/resep/01JWQ21TKWPY3E1GX2N286VMXC\",\"status\":\"200\",\"responseTime\":\"6.873\"}","timestamp":"2025-06-02T00:55:28.874Z"}
{"level":"\u001b[32minfo\u001b[39m","message":"{\"method\":\"POST\",\"url\":\"/resep/01JWQ21TKWPY3E1GX2N286VMXC\",\"status\":\"201\",\"responseTime\":\"52.362\"}","timestamp":"2025-06-02T01:00:05.716Z"}
{"level":"\u001b[32minfo\u001b[39m","message":"{\"method\":\"GET\",\"url\":\"/resep/01JWQ21TKWPY3E1GX2N286VMXC\",\"status\":\"200\",\"responseTime\":\"7.118\"}","timestamp":"2025-06-02T01:00:08.906Z"}
{"level":"\u001b[32minfo\u001b[39m","message":"{\"method\":\"GET\",\"url\":\"/menu/\",\"status\":\"200\",\"responseTime\":\"3.605\"}","timestamp":"2025-06-02T01:00:14.100Z"}
{"level":"\u001b[32minfo\u001b[39m","message":"{\"method\":\"POST\",\"url\":\"/auth/register\",\"status\":\"201\",\"responseTime\":\"141.997\"}","timestamp":"2025-06-02T01:42:19.097Z"}
{"level":"\u001b[32minfo\u001b[39m","message":"{\"method\":\"POST\",\"url\":\"/auth/login\",\"status\":\"200\",\"responseTime\":\"98.252\"}","timestamp":"2025-06-02T01:42:23.179Z"}
{"level":"\u001b[32minfo\u001b[39m","message":"{\"method\":\"POST\",\"url\":\"/menu\",\"status\":\"201\",\"responseTime\":\"18.909\"}","timestamp":"2025-06-02T01:42:35.955Z"}
{"level":"\u001b[32minfo\u001b[39m","message":"{\"method\":\"POST\",\"url\":\"/menu\",\"status\":\"201\",\"responseTime\":\"5.252\"}","timestamp":"2025-06-02T01:42:42.104Z"}
{"level":"\u001b[32minfo\u001b[39m","message":"{\"method\":\"POST\",\"url\":\"/menu\",\"status\":\"201\",\"responseTime\":\"5.016\"}","timestamp":"2025-06-02T01:42:49.264Z"}
{"level":"\u001b[32minfo\u001b[39m","message":"{\"method\":\"GET\",\"url\":\"/menu/\",\"status\":\"200\",\"responseTime\":\"7.713\"}","timestamp":"2025-06-02T01:43:00.154Z"}
{"level":"\u001b[32minfo\u001b[39m","message":"{\"method\":\"POST\",\"url\":\"/resep/01JWQ4W8NNKQ7YNDCVNHP3CRA1\",\"status\":\"201\",\"responseTime\":\"32.529\"}","timestamp":"2025-06-02T01:43:23.392Z"}
{"level":"\u001b[32minfo\u001b[39m","message":"{\"method\":\"GET\",\"url\":\"/resep/01JWQ4W8NNKQ7YNDCVNHP3CRA1\",\"status\":\"400\",\"responseTime\":\"12.605\"}","timestamp":"2025-06-02T01:47:50.383Z"}
{"level":"\u001b[32minfo\u001b[39m","message":"{\"method\":\"GET\",\"url\":\"/resep/01JWQ4W8NNKQ7YNDCVNHP3CRA1\",\"status\":\"200\",\"responseTime\":\"10.123\"}","timestamp":"2025-06-02T01:47:56.382Z"}
{"level":"\u001b[32minfo\u001b[39m","message":"{\"method\":\"GET\",\"url\":\"/stock/\",\"status\":\"200\",\"responseTime\":\"50.379\"}","timestamp":"2025-06-02T01:48:07.663Z"}
{"level":"\u001b[32minfo\u001b[39m","message":"{\"method\":\"PATCH\",\"url\":\"/stock/01JWQ4XGZRJB33SQ24VSM4J0CT\",\"status\":\"400\",\"responseTime\":\"5.828\"}","timestamp":"2025-06-02T01:49:38.221Z"}
{"level":"\u001b[32minfo\u001b[39m","message":"{\"method\":\"PATCH\",\"url\":\"/stock/01JWQ4XGZRJB33SQ24VSM4J0CT\",\"status\":\"200\",\"responseTime\":\"44.064\"}","timestamp":"2025-06-02T01:50:16.807Z"}
{"level":"\u001b[32minfo\u001b[39m","message":"{\"method\":\"GET\",\"url\":\"/stock/\",\"status\":\"200\",\"responseTime\":\"25.736\"}","timestamp":"2025-06-02T01:50:34.247Z"}
{"level":"\u001b[32minfo\u001b[39m","message":"{\"method\":\"GET\",\"url\":\"/stock/\",\"status\":\"200\",\"responseTime\":\"134.663\"}","timestamp":"2025-06-02T06:48:07.621Z"}
{"level":"\u001b[32minfo\u001b[39m","message":"{\"method\":\"PATCH\",\"url\":\"/stock/%7B%7Bstock_id%7D%7D\",\"status\":\"400\",\"responseTime\":\"17.795\"}","timestamp":"2025-06-02T06:48:20.498Z"}
{"level":"\u001b[32minfo\u001b[39m","message":"{\"method\":\"PATCH\",\"url\":\"/stock/%7B%7Bstock_id%7D%7D\",\"status\":\"400\",\"responseTime\":\"1.764\"}","timestamp":"2025-06-02T06:48:32.895Z"}
{"level":"\u001b[32minfo\u001b[39m","message":"{\"method\":\"GET\",\"url\":\"/stock/\",\"status\":\"200\",\"responseTime\":\"4.534\"}","timestamp":"2025-06-02T06:49:08.946Z"}
{"level":"\u001b[32minfo\u001b[39m","message":"{\"method\":\"PATCH\",\"url\":\"/stock/%7B%7Bstock_id%7D%7D\",\"status\":\"400\",\"responseTime\":\"8.712\"}","timestamp":"2025-06-02T06:49:15.810Z"}
{"level":"\u001b[32minfo\u001b[39m","message":"{\"method\":\"PATCH\",\"url\":\"/stock/%7B%7Bstock_id%7D%7D\",\"status\":\"400\",\"responseTime\":\"14.361\"}","timestamp":"2025-06-02T06:49:37.881Z"}
{"level":"\u001b[32minfo\u001b[39m","message":"{\"method\":\"PATCH\",\"url\":\"/stock/01JWQ4XGZRJB33SQ24VSM4J0CT\",\"status\":\"200\",\"responseTime\":\"37.891\"}","timestamp":"2025-06-02T06:53:25.418Z"}
{"level":"\u001b[32minfo\u001b[39m","message":"{\"method\":\"GET\",\"url\":\"/stock/\",\"status\":\"200\",\"responseTime\":\"24.162\"}","timestamp":"2025-06-02T06:53:35.327Z"}
{"level":"\u001b[32minfo\u001b[39m","message":"{\"method\":\"PATCH\",\"url\":\"/stock/01JWQ4XGZRJB33SQ24VSM4J0CT\",\"status\":\"200\",\"responseTime\":\"13.897\"}","timestamp":"2025-06-02T06:53:37.897Z"}
{"level":"\u001b[32minfo\u001b[39m","message":"{\"method\":\"GET\",\"url\":\"/stock/\",\"status\":\"200\",\"responseTime\":\"3.243\"}","timestamp":"2025-06-02T06:53:40.901Z"}
{"level":"\u001b[32minfo\u001b[39m","message":"{\"method\":\"GET\",\"url\":\"/menu/\",\"status\":\"200\",\"responseTime\":\"9.782\"}","timestamp":"2025-06-02T06:55:49.337Z"}
{"level":"\u001b[32minfo\u001b[39m","message":"{\"method\":\"GET\",\"url\":\"/health\",\"status\":\"200\",\"responseTime\":\"1.655\"}","timestamp":"2025-06-02T06:56:27.830Z"}
{"level":"\u001b[32minfo\u001b[39m","message":"{\"method\":\"GET\",\"url\":\"/favicon.ico\",\"status\":\"404\",\"responseTime\":\"2.089\"}","timestamp":"2025-06-02T06:56:29.180Z"}
{"level":"\u001b[32minfo\u001b[39m","message":"{\"method\":\"GET\",\"url\":\"/api-docs\",\"status\":\"301\",\"responseTime\":\"2.010\"}","timestamp":"2025-06-02T06:56:32.115Z"}
{"level":"\u001b[32minfo\u001b[39m","message":"{\"method\":\"GET\",\"url\":\"/api-docs/\",\"status\":\"200\",\"responseTime\":\"3.731\"}","timestamp":"2025-06-02T06:56:32.131Z"}
{"level":"\u001b[32minfo\u001b[39m","message":"{\"method\":\"GET\",\"url\":\"/api-docs/swagger-ui-init.js\",\"status\":\"200\",\"responseTime\":\"0.370\"}","timestamp":"2025-06-02T06:56:32.164Z"}
{"level":"\u001b[32minfo\u001b[39m","message":"{\"method\":\"GET\",\"url\":\"/api-docs/swagger-ui.css\",\"status\":\"200\",\"responseTime\":\"4.798\"}","timestamp":"2025-06-02T06:56:32.168Z"}
{"level":"\u001b[32minfo\u001b[39m","message":"{\"method\":\"GET\",\"url\":\"/api-docs/swagger-ui-standalone-preset.js\",\"status\":\"200\",\"responseTime\":\"3.459\"}","timestamp":"2025-06-02T06:56:32.173Z"}
{"level":"\u001b[32minfo\u001b[39m","message":"{\"method\":\"GET\",\"url\":\"/api-docs/swagger-ui-bundle.js\",\"status\":\"200\",\"responseTime\":\"4.509\"}","timestamp":"2025-06-02T06:56:32.200Z"}
{"level":"\u001b[32minfo\u001b[39m","message":"{\"method\":\"GET\",\"url\":\"/api-docs/\",\"status\":\"304\",\"responseTime\":\"3.636\"}","timestamp":"2025-06-02T06:59:40.580Z"}
{"level":"\u001b[32minfo\u001b[39m","message":"{\"method\":\"GET\",\"url\":\"/api-docs/swagger-ui.css\",\"status\":\"304\",\"responseTime\":\"4.056\"}","timestamp":"2025-06-02T06:59:40.607Z"}
{"level":"\u001b[32minfo\u001b[39m","message":"{\"method\":\"GET\",\"url\":\"/api-docs/swagger-ui-bundle.js\",\"status\":\"304\",\"responseTime\":\"2.228\"}","timestamp":"2025-06-02T06:59:40.607Z"}
{"level":"\u001b[32minfo\u001b[39m","message":"{\"method\":\"GET\",\"url\":\"/api-docs/swagger-ui-standalone-preset.js\",\"status\":\"304\",\"responseTime\":\"2.107\"}","timestamp":"2025-06-02T06:59:40.608Z"}
{"level":"\u001b[32minfo\u001b[39m","message":"{\"method\":\"GET\",\"url\":\"/api-docs/swagger-ui-init.js\",\"status\":\"200\",\"responseTime\":\"1.616\"}","timestamp":"2025-06-02T06:59:40.612Z"}
{"level":"\u001b[32minfo\u001b[39m","message":"{\"method\":\"GET\",\"url\":\"/api-docs/favicon-32x32.png\",\"status\":\"200\",\"responseTime\":\"2.187\"}","timestamp":"2025-06-02T06:59:40.833Z"}
{"level":"\u001b[32minfo\u001b[39m","message":"{\"method\":\"POST\",\"url\":\"/menu\",\"status\":\"400\",\"responseTime\":\"28.866\"}","timestamp":"2025-06-02T07:00:45.634Z"}
{"level":"\u001b[32minfo\u001b[39m","message":"{\"method\":\"POST\",\"url\":\"/menu\",\"status\":\"201\",\"responseTime\":\"10.757\"}","timestamp":"2025-06-02T07:01:15.201Z"}
{"level":"\u001b[32minfo\u001b[39m","message":"{\"method\":\"GET\",\"url\":\"/api-docs/\",\"status\":\"304\",\"responseTime\":\"5.674\"}","timestamp":"2025-06-02T07:01:51.897Z"}
{"level":"\u001b[32minfo\u001b[39m","message":"{\"method\":\"GET\",\"url\":\"/api-docs/swagger-ui.css\",\"status\":\"304\",\"responseTime\":\"2.693\"}","timestamp":"2025-06-02T07:01:51.923Z"}
{"level":"\u001b[32minfo\u001b[39m","message":"{\"method\":\"GET\",\"url\":\"/api-docs/swagger-ui-bundle.js\",\"status\":\"304\",\"responseTime\":\"2.683\"}","timestamp":"2025-06-02T07:01:51.924Z"}
{"level":"\u001b[32minfo\u001b[39m","message":"{\"method\":\"GET\",\"url\":\"/api-docs/swagger-ui-standalone-preset.js\",\"status\":\"304\",\"responseTime\":\"2.394\"}","timestamp":"2025-06-02T07:01:51.924Z"}
{"level":"\u001b[32minfo\u001b[39m","message":"{\"method\":\"GET\",\"url\":\"/api-docs/swagger-ui-init.js\",\"status\":\"200\",\"responseTime\":\"1.596\"}","timestamp":"2025-06-02T07:01:51.929Z"}
{"level":"\u001b[32minfo\u001b[39m","message":"{\"method\":\"GET\",\"url\":\"/api-docs/favicon-32x32.png\",\"status\":\"304\",\"responseTime\":\"0.513\"}","timestamp":"2025-06-02T07:01:52.124Z"}
{"level":"\u001b[32minfo\u001b[39m","message":"{\"method\":\"GET\",\"url\":\"/api-docs/\",\"status\":\"304\",\"responseTime\":\"4.057\"}","timestamp":"2025-06-02T07:07:47.049Z"}
{"level":"\u001b[32minfo\u001b[39m","message":"{\"method\":\"GET\",\"url\":\"/api-docs/swagger-ui.css\",\"status\":\"304\",\"responseTime\":\"1.489\"}","timestamp":"2025-06-02T07:07:47.069Z"}
{"level":"\u001b[32minfo\u001b[39m","message":"{\"method\":\"GET\",\"url\":\"/api-docs/swagger-ui-bundle.js\",\"status\":\"304\",\"responseTime\":\"1.591\"}","timestamp":"2025-06-02T07:07:47.072Z"}
{"level":"\u001b[32minfo\u001b[39m","message":"{\"method\":\"GET\",\"url\":\"/api-docs/swagger-ui-standalone-preset.js\",\"status\":\"304\",\"responseTime\":\"1.409\"}","timestamp":"2025-06-02T07:07:47.073Z"}
{"level":"\u001b[32minfo\u001b[39m","message":"{\"method\":\"GET\",\"url\":\"/api-docs/swagger-ui-init.js\",\"status\":\"200\",\"responseTime\":\"1.745\"}","timestamp":"2025-06-02T07:07:47.078Z"}
{"level":"\u001b[32minfo\u001b[39m","message":"{\"method\":\"GET\",\"url\":\"/api-docs/favicon-32x32.png\",\"status\":\"304\",\"responseTime\":\"0.598\"}","timestamp":"2025-06-02T07:07:47.287Z"}
{"level":"\u001b[32minfo\u001b[39m","message":"{\"method\":\"GET\",\"url\":\"/api-docs/\",\"status\":\"304\",\"responseTime\":\"4.148\"}","timestamp":"2025-06-02T07:07:56.600Z"}
{"level":"\u001b[32minfo\u001b[39m","message":"{\"method\":\"GET\",\"url\":\"/api-docs/swagger-ui.css\",\"status\":\"304\",\"responseTime\":\"2.296\"}","timestamp":"2025-06-02T07:07:56.622Z"}
{"level":"\u001b[32minfo\u001b[39m","message":"{\"method\":\"GET\",\"url\":\"/api-docs/swagger-ui-bundle.js\",\"status\":\"304\",\"responseTime\":\"2.883\"}","timestamp":"2025-06-02T07:07:56.624Z"}
{"level":"\u001b[32minfo\u001b[39m","message":"{\"method\":\"GET\",\"url\":\"/api-docs/swagger-ui-init.js\",\"status\":\"304\",\"responseTime\":\"0.365\"}","timestamp":"2025-06-02T07:07:56.626Z"}
{"level":"\u001b[32minfo\u001b[39m","message":"{\"method\":\"GET\",\"url\":\"/api-docs/swagger-ui-standalone-preset.js\",\"status\":\"304\",\"responseTime\":\"2.138\"}","timestamp":"2025-06-02T07:07:56.627Z"}
{"level":"\u001b[32minfo\u001b[39m","message":"{\"method\":\"GET\",\"url\":\"/api-docs/favicon-32x32.png\",\"status\":\"304\",\"responseTime\":\"0.523\"}","timestamp":"2025-06-02T07:07:56.770Z"}
{"level":"\u001b[32minfo\u001b[39m","message":"{\"method\":\"GET\",\"url\":\"/api-docs/\",\"status\":\"304\",\"responseTime\":\"4.287\"}","timestamp":"2025-06-02T07:08:04.803Z"}
{"level":"\u001b[32minfo\u001b[39m","message":"{\"method\":\"GET\",\"url\":\"/api-docs/swagger-ui.css\",\"status\":\"304\",\"responseTime\":\"1.392\"}","timestamp":"2025-06-02T07:08:04.825Z"}
{"level":"\u001b[32minfo\u001b[39m","message":"{\"method\":\"GET\",\"url\":\"/api-docs/swagger-ui-bundle.js\",\"status\":\"304\",\"responseTime\":\"3.543\"}","timestamp":"2025-06-02T07:08:04.830Z"}
{"level":"\u001b[32minfo\u001b[39m","message":"{\"method\":\"GET\",\"url\":\"/api-docs/swagger-ui-standalone-preset.js\",\"status\":\"304\",\"responseTime\":\"3.330\"}","timestamp":"2025-06-02T07:08:04.831Z"}
{"level":"\u001b[32minfo\u001b[39m","message":"{\"method\":\"GET\",\"url\":\"/api-docs/swagger-ui-init.js\",\"status\":\"200\",\"responseTime\":\"1.607\"}","timestamp":"2025-06-02T07:08:04.834Z"}
{"level":"\u001b[32minfo\u001b[39m","message":"{\"method\":\"GET\",\"url\":\"/api-docs/favicon-32x32.png\",\"status\":\"304\",\"responseTime\":\"0.539\"}","timestamp":"2025-06-02T07:08:04.944Z"}
{"level":"\u001b[32minfo\u001b[39m","message":"{\"method\":\"GET\",\"url\":\"/api-docs/\",\"status\":\"304\",\"responseTime\":\"3.825\"}","timestamp":"2025-06-02T07:09:36.605Z"}
{"level":"\u001b[32minfo\u001b[39m","message":"{\"method\":\"GET\",\"url\":\"/api-docs/swagger-ui.css\",\"status\":\"304\",\"responseTime\":\"1.746\"}","timestamp":"2025-06-02T07:09:36.632Z"}
{"level":"\u001b[32minfo\u001b[39m","message":"{\"method\":\"GET\",\"url\":\"/api-docs/swagger-ui-bundle.js\",\"status\":\"304\",\"responseTime\":\"3.606\"}","timestamp":"2025-06-02T07:09:36.637Z"}
{"level":"\u001b[32minfo\u001b[39m","message":"{\"method\":\"GET\",\"url\":\"/api-docs/swagger-ui-standalone-preset.js\",\"status\":\"304\",\"responseTime\":\"3.711\"}","timestamp":"2025-06-02T07:09:36.638Z"}
{"level":"\u001b[32minfo\u001b[39m","message":"{\"method\":\"GET\",\"url\":\"/api-docs/swagger-ui-init.js\",\"status\":\"200\",\"responseTime\":\"1.783\"}","timestamp":"2025-06-02T07:09:36.641Z"}
{"level":"\u001b[32minfo\u001b[39m","message":"{\"method\":\"GET\",\"url\":\"/api-docs/favicon-32x32.png\",\"status\":\"304\",\"responseTime\":\"0.523\"}","timestamp":"2025-06-02T07:09:36.738Z"}
{"level":"\u001b[32minfo\u001b[39m","message":"{\"method\":\"GET\",\"url\":\"/api-docs/\",\"status\":\"304\",\"responseTime\":\"4.197\"}","timestamp":"2025-06-02T07:09:47.734Z"}
{"level":"\u001b[32minfo\u001b[39m","message":"{\"method\":\"GET\",\"url\":\"/api-docs/swagger-ui.css\",\"status\":\"304\",\"responseTime\":\"2.779\"}","timestamp":"2025-06-02T07:09:47.758Z"}
{"level":"\u001b[32minfo\u001b[39m","message":"{\"method\":\"GET\",\"url\":\"/api-docs/swagger-ui-bundle.js\",\"status\":\"304\",\"responseTime\":\"2.753\"}","timestamp":"2025-06-02T07:09:47.759Z"}
{"level":"\u001b[32minfo\u001b[39m","message":"{\"method\":\"GET\",\"url\":\"/api-docs/swagger-ui-standalone-preset.js\",\"status\":\"304\",\"responseTime\":\"0.601\"}","timestamp":"2025-06-02T07:09:47.761Z"}
{"level":"\u001b[32minfo\u001b[39m","message":"{\"method\":\"GET\",\"url\":\"/api-docs/swagger-ui-init.js\",\"status\":\"304\",\"responseTime\":\"0.545\"}","timestamp":"2025-06-02T07:09:47.763Z"}
{"level":"\u001b[32minfo\u001b[39m","message":"{\"method\":\"GET\",\"url\":\"/api-docs/favicon-32x32.png\",\"status\":\"304\",\"responseTime\":\"0.545\"}","timestamp":"2025-06-02T07:09:47.893Z"}
{"level":"\u001b[32minfo\u001b[39m","message":"{\"method\":\"GET\",\"url\":\"/api-docs/\",\"status\":\"304\",\"responseTime\":\"3.694\"}","timestamp":"2025-06-02T07:11:10.062Z"}
{"level":"\u001b[32minfo\u001b[39m","message":"{\"method\":\"GET\",\"url\":\"/api-docs/swagger-ui.css\",\"status\":\"304\",\"responseTime\":\"1.911\"}","timestamp":"2025-06-02T07:11:10.085Z"}
{"level":"\u001b[32minfo\u001b[39m","message":"{\"method\":\"GET\",\"url\":\"/api-docs/swagger-ui-bundle.js\",\"status\":\"304\",\"responseTime\":\"1.138\"}","timestamp":"2025-06-02T07:11:10.088Z"}
{"level":"\u001b[32minfo\u001b[39m","message":"{\"method\":\"GET\",\"url\":\"/api-docs/swagger-ui-standalone-preset.js\",\"status\":\"304\",\"responseTime\":\"1.014\"}","timestamp":"2025-06-02T07:11:10.088Z"}
{"level":"\u001b[32minfo\u001b[39m","message":"{\"method\":\"GET\",\"url\":\"/api-docs/swagger-ui-init.js\",\"status\":\"200\",\"responseTime\":\"1.801\"}","timestamp":"2025-06-02T07:11:10.093Z"}
{"level":"\u001b[32minfo\u001b[39m","message":"{\"method\":\"GET\",\"url\":\"/api-docs/favicon-32x32.png\",\"status\":\"304\",\"responseTime\":\"0.795\"}","timestamp":"2025-06-02T07:11:10.233Z"}
{"level":"\u001b[32minfo\u001b[39m","message":"{\"method\":\"POST\",\"url\":\"/menu\",\"status\":\"400\",\"responseTime\":\"30.052\"}","timestamp":"2025-06-02T07:11:20.233Z"}
{"level":"\u001b[32minfo\u001b[39m","message":"{\"method\":\"GET\",\"url\":\"/api-docs/\",\"status\":\"304\",\"responseTime\":\"4.701\"}","timestamp":"2025-06-02T07:12:42.129Z"}
{"level":"\u001b[32minfo\u001b[39m","message":"{\"method\":\"GET\",\"url\":\"/api-docs/swagger-ui.css\",\"status\":\"304\",\"responseTime\":\"3.557\"}","timestamp":"2025-06-02T07:12:42.154Z"}
{"level":"\u001b[32minfo\u001b[39m","message":"{\"method\":\"GET\",\"url\":\"/api-docs/swagger-ui-bundle.js\",\"status\":\"304\",\"responseTime\":\"3.514\"}","timestamp":"2025-06-02T07:12:42.155Z"}
{"level":"\u001b[32minfo\u001b[39m","message":"{\"method\":\"GET\",\"url\":\"/api-docs/swagger-ui-standalone-preset.js\",\"status\":\"304\",\"responseTime\":\"3.178\"}","timestamp":"2025-06-02T07:12:42.156Z"}
{"level":"\u001b[32minfo\u001b[39m","message":"{\"method\":\"GET\",\"url\":\"/api-docs/swagger-ui-init.js\",\"status\":\"200\",\"responseTime\":\"2.424\"}","timestamp":"2025-06-02T07:12:42.162Z"}
{"level":"\u001b[32minfo\u001b[39m","message":"{\"method\":\"GET\",\"url\":\"/api-docs/favicon-32x32.png\",\"status\":\"304\",\"responseTime\":\"0.603\"}","timestamp":"2025-06-02T07:12:42.409Z"}
{"level":"\u001b[32minfo\u001b[39m","message":"{\"method\":\"POST\",\"url\":\"/menu\",\"status\":\"403\",\"responseTime\":\"20.967\"}","timestamp":"2025-06-02T07:13:09.967Z"}
{"level":"\u001b[32minfo\u001b[39m","message":"{\"method\":\"POST\",\"url\":\"/menu\",\"status\":\"401\",\"responseTime\":\"1.202\"}","timestamp":"2025-06-02T07:13:25.402Z"}
{"level":"\u001b[32minfo\u001b[39m","message":"{\"method\":\"GET\",\"url\":\"/api-docs/\",\"status\":\"304\",\"responseTime\":\"4.399\"}","timestamp":"2025-06-02T07:14:19.040Z"}
{"level":"\u001b[32minfo\u001b[39m","message":"{\"method\":\"GET\",\"url\":\"/api-docs/swagger-ui.css\",\"status\":\"304\",\"responseTime\":\"4.994\"}","timestamp":"2025-06-02T07:14:19.067Z"}
{"level":"\u001b[32minfo\u001b[39m","message":"{\"method\":\"GET\",\"url\":\"/api-docs/swagger-ui-bundle.js\",\"status\":\"304\",\"responseTime\":\"5.103\"}","timestamp":"2025-06-02T07:14:19.068Z"}
{"level":"\u001b[32minfo\u001b[39m","message":"{\"method\":\"GET\",\"url\":\"/api-docs/swagger-ui-standalone-preset.js\",\"status\":\"304\",\"responseTime\":\"5.081\"}","timestamp":"2025-06-02T07:14:19.068Z"}
{"level":"\u001b[32minfo\u001b[39m","message":"{\"method\":\"GET\",\"url\":\"/api-docs/swagger-ui-init.js\",\"status\":\"200\",\"responseTime\":\"1.512\"}","timestamp":"2025-06-02T07:14:19.070Z"}
{"level":"\u001b[32minfo\u001b[39m","message":"{\"method\":\"GET\",\"url\":\"/api-docs/favicon-32x32.png\",\"status\":\"304\",\"responseTime\":\"0.509\"}","timestamp":"2025-06-02T07:14:19.256Z"}
{"level":"\u001b[32minfo\u001b[39m","message":"{\"method\":\"GET\",\"url\":\"/api-docs/\",\"status\":\"304\",\"responseTime\":\"3.940\"}","timestamp":"2025-06-02T07:17:11.621Z"}
{"level":"\u001b[32minfo\u001b[39m","message":"{\"method\":\"GET\",\"url\":\"/api-docs/swagger-ui.css\",\"status\":\"304\",\"responseTime\":\"2.176\"}","timestamp":"2025-06-02T07:17:11.643Z"}
{"level":"\u001b[32minfo\u001b[39m","message":"{\"method\":\"GET\",\"url\":\"/api-docs/swagger-ui-bundle.js\",\"status\":\"304\",\"responseTime\":\"2.003\"}","timestamp":"2025-06-02T07:17:11.644Z"}
{"level":"\u001b[32minfo\u001b[39m","message":"{\"method\":\"GET\",\"url\":\"/api-docs/swagger-ui-standalone-preset.js\",\"status\":\"304\",\"responseTime\":\"3.016\"}","timestamp":"2025-06-02T07:17:11.648Z"}
{"level":"\u001b[32minfo\u001b[39m","message":"{\"method\":\"GET\",\"url\":\"/api-docs/swagger-ui-init.js\",\"status\":\"200\",\"responseTime\":\"1.628\"}","timestamp":"2025-06-02T07:17:11.650Z"}
{"level":"\u001b[32minfo\u001b[39m","message":"{\"method\":\"GET\",\"url\":\"/api-docs/favicon-32x32.png\",\"status\":\"304\",\"responseTime\":\"0.936\"}","timestamp":"2025-06-02T07:17:11.809Z"}
{"level":"\u001b[32minfo\u001b[39m","message":"{\"method\":\"GET\",\"url\":\"/api-docs/\",\"status\":\"304\",\"responseTime\":\"3.700\"}","timestamp":"2025-06-02T07:20:51.444Z"}
{"level":"\u001b[32minfo\u001b[39m","message":"{\"method\":\"GET\",\"url\":\"/api-docs/swagger-ui.css\",\"status\":\"304\",\"responseTime\":\"4.732\"}","timestamp":"2025-06-02T07:20:51.467Z"}
{"level":"\u001b[32minfo\u001b[39m","message":"{\"method\":\"GET\",\"url\":\"/api-docs/swagger-ui-bundle.js\",\"status\":\"304\",\"responseTime\":\"2.149\"}","timestamp":"2025-06-02T07:20:51.468Z"}
{"level":"\u001b[32minfo\u001b[39m","message":"{\"method\":\"GET\",\"url\":\"/api-docs/swagger-ui-standalone-preset.js\",\"status\":\"304\",\"responseTime\":\"3.036\"}","timestamp":"2025-06-02T07:20:51.472Z"}
{"level":"\u001b[32minfo\u001b[39m","message":"{\"method\":\"GET\",\"url\":\"/api-docs/swagger-ui-init.js\",\"status\":\"200\",\"responseTime\":\"1.675\"}","timestamp":"2025-06-02T07:20:51.474Z"}
{"level":"\u001b[32minfo\u001b[39m","message":"{\"method\":\"GET\",\"url\":\"/api-docs/favicon-32x32.png\",\"status\":\"304\",\"responseTime\":\"0.458\"}","timestamp":"2025-06-02T07:20:51.652Z"}
{"level":"\u001b[32minfo\u001b[39m","message":"{\"method\":\"GET\",\"url\":\"/api-docs/\",\"status\":\"304\",\"responseTime\":\"4.532\"}","timestamp":"2025-06-02T07:25:36.692Z"}
{"level":"\u001b[32minfo\u001b[39m","message":"{\"method\":\"GET\",\"url\":\"/api-docs/swagger-ui.css\",\"status\":\"304\",\"responseTime\":\"2.731\"}","timestamp":"2025-06-02T07:25:36.722Z"}
{"level":"\u001b[32minfo\u001b[39m","message":"{\"method\":\"GET\",\"url\":\"/api-docs/swagger-ui-bundle.js\",\"status\":\"304\",\"responseTime\":\"2.610\"}","timestamp":"2025-06-02T07:25:36.723Z"}
{"level":"\u001b[32minfo\u001b[39m","message":"{\"method\":\"GET\",\"url\":\"/api-docs/swagger-ui-standalone-preset.js\",\"status\":\"304\",\"responseTime\":\"0.689\"}","timestamp":"2025-06-02T07:25:36.725Z"}
{"level":"\u001b[32minfo\u001b[39m","message":"{\"method\":\"GET\",\"url\":\"/api-docs/swagger-ui-init.js\",\"status\":\"200\",\"responseTime\":\"1.988\"}","timestamp":"2025-06-02T07:25:36.731Z"}
{"level":"\u001b[32minfo\u001b[39m","message":"{\"method\":\"GET\",\"url\":\"/api-docs/favicon-32x32.png\",\"status\":\"304\",\"responseTime\":\"0.622\"}","timestamp":"2025-06-02T07:25:36.934Z"}
{"level":"\u001b[32minfo\u001b[39m","message":"{\"method\":\"GET\",\"url\":\"/profile/\",\"status\":\"200\",\"responseTime\":\"15.083\"}","timestamp":"2025-06-02T07:26:12.429Z"}
{"level":"\u001b[32minfo\u001b[39m","message":"{\"method\":\"GET\",\"url\":\"/api-docs/\",\"status\":\"304\",\"responseTime\":\"4.115\"}","timestamp":"2025-06-02T07:28:34.437Z"}
{"level":"\u001b[32minfo\u001b[39m","message":"{\"method\":\"GET\",\"url\":\"/api-docs/swagger-ui.css\",\"status\":\"304\",\"responseTime\":\"2.823\"}","timestamp":"2025-06-02T07:28:34.470Z"}
{"level":"\u001b[32minfo\u001b[39m","message":"{\"method\":\"GET\",\"url\":\"/api-docs/swagger-ui-bundle.js\",\"status\":\"304\",\"responseTime\":\"3.032\"}","timestamp":"2025-06-02T07:28:34.471Z"}
{"level":"\u001b[32minfo\u001b[39m","message":"{\"method\":\"GET\",\"url\":\"/api-docs/swagger-ui-standalone-preset.js\",\"status\":\"304\",\"responseTime\":\"6.143\"}","timestamp":"2025-06-02T07:28:34.479Z"}
{"level":"\u001b[32minfo\u001b[39m","message":"{\"method\":\"GET\",\"url\":\"/api-docs/swagger-ui-init.js\",\"status\":\"200\",\"responseTime\":\"3.208\"}","timestamp":"2025-06-02T07:28:34.483Z"}
{"level":"\u001b[32minfo\u001b[39m","message":"{\"method\":\"GET\",\"url\":\"/api-docs/favicon-32x32.png\",\"status\":\"304\",\"responseTime\":\"0.595\"}","timestamp":"2025-06-02T07:28:34.702Z"}
{"level":"\u001b[32minfo\u001b[39m","message":"{\"method\":\"GET\",\"url\":\"/api-docs/\",\"status\":\"304\",\"responseTime\":\"4.279\"}","timestamp":"2025-06-02T07:28:49.262Z"}
{"level":"\u001b[32minfo\u001b[39m","message":"{\"method\":\"GET\",\"url\":\"/api-docs/swagger-ui.css\",\"status\":\"304\",\"responseTime\":\"1.417\"}","timestamp":"2025-06-02T07:28:49.290Z"}
{"level":"\u001b[32minfo\u001b[39m","message":"{\"method\":\"GET\",\"url\":\"/api-docs/swagger-ui-bundle.js\",\"status\":\"304\",\"responseTime\":\"3.575\"}","timestamp":"2025-06-02T07:28:49.295Z"}
{"level":"\u001b[32minfo\u001b[39m","message":"{\"method\":\"GET\",\"url\":\"/api-docs/swagger-ui-standalone-preset.js\",\"status\":\"304\",\"responseTime\":\"3.248\"}","timestamp":"2025-06-02T07:28:49.295Z"}
{"level":"\u001b[32minfo\u001b[39m","message":"{\"method\":\"GET\",\"url\":\"/api-docs/swagger-ui-init.js\",\"status\":\"200\",\"responseTime\":\"1.588\"}","timestamp":"2025-06-02T07:28:49.297Z"}
{"level":"\u001b[32minfo\u001b[39m","message":"{\"method\":\"GET\",\"url\":\"/api-docs/favicon-32x32.png\",\"status\":\"304\",\"responseTime\":\"0.528\"}","timestamp":"2025-06-02T07:28:49.431Z"}
{"level":"\u001b[32minfo\u001b[39m","message":"{\"method\":\"GET\",\"url\":\"/stock/\",\"status\":\"200\",\"responseTime\":\"85.082\"}","timestamp":"2025-06-02T09:05:29.091Z"}
{"level":"\u001b[32minfo\u001b[39m","message":"{\"method\":\"POST\",\"url\":\"/auth/register\",\"status\":\"201\",\"responseTime\":\"108.277\"}","timestamp":"2025-06-02T09:07:24.408Z"}
{"level":"\u001b[32minfo\u001b[39m","message":"{\"method\":\"POST\",\"url\":\"/auth/register\",\"status\":\"400\",\"responseTime\":\"12.375\"}","timestamp":"2025-06-02T09:07:43.375Z"}
{"level":"\u001b[32minfo\u001b[39m","message":"{\"method\":\"GET\",\"url\":\"/api-docs/\",\"status\":\"304\",\"responseTime\":\"3.572\"}","timestamp":"2025-06-02T09:08:40.866Z"}
{"level":"\u001b[32minfo\u001b[39m","message":"{\"method\":\"GET\",\"url\":\"/api-docs/swagger-ui.css\",\"status\":\"304\",\"responseTime\":\"2.008\"}","timestamp":"2025-06-02T09:08:40.891Z"}
{"level":"\u001b[32minfo\u001b[39m","message":"{\"method\":\"GET\",\"url\":\"/api-docs/swagger-ui-bundle.js\",\"status\":\"304\",\"responseTime\":\"1.984\"}","timestamp":"2025-06-02T09:08:40.892Z"}
{"level":"\u001b[32minfo\u001b[39m","message":"{\"method\":\"GET\",\"url\":\"/api-docs/swagger-ui-standalone-preset.js\",\"status\":\"304\",\"responseTime\":\"0.530\"}","timestamp":"2025-06-02T09:08:40.893Z"}
{"level":"\u001b[32minfo\u001b[39m","message":"{\"method\":\"GET\",\"url\":\"/api-docs/swagger-ui-init.js\",\"status\":\"200\",\"responseTime\":\"1.700\"}","timestamp":"2025-06-02T09:08:40.898Z"}
{"level":"\u001b[32minfo\u001b[39m","message":"{\"method\":\"GET\",\"url\":\"/api-docs/favicon-32x32.png\",\"status\":\"304\",\"responseTime\":\"0.568\"}","timestamp":"2025-06-02T09:08:41.108Z"}
{"level":"\u001b[32minfo\u001b[39m","message":"{\"method\":\"GET\",\"url\":\"/api-docs/\",\"status\":\"304\",\"responseTime\":\"0.549\"}","timestamp":"2025-06-02T09:08:41.824Z"}
{"level":"\u001b[32minfo\u001b[39m","message":"{\"method\":\"GET\",\"url\":\"/api-docs/swagger-ui.css\",\"status\":\"304\",\"responseTime\":\"1.589\"}","timestamp":"2025-06-02T09:08:41.847Z"}
{"level":"\u001b[32minfo\u001b[39m","message":"{\"method\":\"GET\",\"url\":\"/api-docs/swagger-ui-bundle.js\",\"status\":\"304\",\"responseTime\":\"1.872\"}","timestamp":"2025-06-02T09:08:41.848Z"}
{"level":"\u001b[32minfo\u001b[39m","message":"{\"method\":\"GET\",\"url\":\"/api-docs/swagger-ui-standalone-preset.js\",\"status\":\"304\",\"responseTime\":\"2.268\"}","timestamp":"2025-06-02T09:08:41.849Z"}
{"level":"\u001b[32minfo\u001b[39m","message":"{\"method\":\"GET\",\"url\":\"/api-docs/swagger-ui-init.js\",\"status\":\"304\",\"responseTime\":\"0.387\"}","timestamp":"2025-06-02T09:08:41.851Z"}
{"level":"\u001b[32minfo\u001b[39m","message":"{\"method\":\"GET\",\"url\":\"/api-docs/favicon-32x32.png\",\"status\":\"304\",\"responseTime\":\"0.589\"}","timestamp":"2025-06-02T09:08:41.957Z"}
